<?xml version="1.0" encoding="UTF-8"?>
<beans xmlns="http://www.springframework.org/schema/beans"
	xmlns:xsi="http://www.w3.org/2001/XMLSchema-instance" xmlns:context="http://www.springframework.org/schema/context"
	xmlns:camel="http://camel.apache.org/schema/spring"
	xsi:schemaLocation="http://www.springframework.org/schema/beans
         http://www.springframework.org/schema/beans/spring-beans.xsd
         http://www.springframework.org/schema/context
         http://www.springframework.org/schema/context/spring-context.xsd
         http://camel.apache.org/schema/spring http://camel.apache.org/schema/spring/camel-spring.xsd
         http://www.springframework.org/schema/data/jpa
    http://www.springframework.org/schema/data/jpa/spring-jpa.xsd">

	<bean
		class="org.springframework.beans.factory.config.PropertyPlaceholderConfigurer">
		<property name="locations" value="classpath:spring/test.properties" />
	</bean>

	<bean id="conversionService"
		class="org.springframework.context.support.ConversionServiceFactoryBean">
		<property name="converters">
			<list>
				<bean class="de.agiledojo.cameldemo.LongToDateConverter" />
			</list>
		</property>
	</bean>

	<context:component-scan base-package="de.agiledojo.cameldemo" />

	<camel:camelContext>
		<camel:packageScan>
			<camel:package>de.agiledojo.cameldemo</camel:package>
			<camel:excludes>**.*StoreRoute</camel:excludes>
		</camel:packageScan>
	</camel:camelContext>

</beans>